2022-04-02 17:08:08.690  INFO 8948 --- [restartedMain] c.t.admin.TechShopBackEndApplication     : Starting TechShopBackEndApplication using Java 16.0.2 on Admin with PID 8948 (E:\STSProject\TechShop\TechShopWebParent\TechShopBackEnd\target\classes started by Admin in E:\STSProject\TechShop\TechShopWebParent\TechShopBackEnd)
2022-04-02 17:08:08.692 DEBUG 8948 --- [restartedMain] c.t.admin.TechShopBackEndApplication     : Running with Spring Boot v2.6.3, Spring v5.3.15
2022-04-02 17:08:08.692  INFO 8948 --- [restartedMain] c.t.admin.TechShopBackEndApplication     : No active profile set, falling back to default profiles: default
2022-04-02 17:08:10.718  WARN 8948 --- [restartedMain] o.a.c.c.C.[.[.[/TechShopAdmin]           : Cannot deserialize session attribute [SPRING_SECURITY_CONTEXT] for session [43A0E631CEF3985C9EC011415274A3C3]
2022-04-02 17:08:13.238  WARN 8948 --- [restartedMain] JpaBaseConfiguration$JpaWebConfiguration : spring.jpa.open-in-view is enabled by default. Therefore, database queries may be performed during view rendering. Explicitly configure spring.jpa.open-in-view to disable this warning
2022-04-02 17:08:15.064  INFO 8948 --- [restartedMain] c.t.admin.TechShopBackEndApplication     : Started TechShopBackEndApplication in 6.941 seconds (JVM running for 8.884)
2022-04-02 17:10:55.563  INFO 8948 --- [restartedMain] c.t.admin.TechShopBackEndApplication     : Starting TechShopBackEndApplication using Java 16.0.2 on Admin with PID 8948 (E:\STSProject\TechShop\TechShopWebParent\TechShopBackEnd\target\classes started by Admin in E:\STSProject\TechShop\TechShopWebParent\TechShopBackEnd)
2022-04-02 17:10:55.564 DEBUG 8948 --- [restartedMain] c.t.admin.TechShopBackEndApplication     : Running with Spring Boot v2.6.3, Spring v5.3.15
2022-04-02 17:10:55.564  INFO 8948 --- [restartedMain] c.t.admin.TechShopBackEndApplication     : No active profile set, falling back to default profiles: default
2022-04-02 17:10:56.120  WARN 8948 --- [restartedMain] JpaBaseConfiguration$JpaWebConfiguration : spring.jpa.open-in-view is enabled by default. Therefore, database queries may be performed during view rendering. Explicitly configure spring.jpa.open-in-view to disable this warning
2022-04-02 17:10:56.852  INFO 8948 --- [restartedMain] c.t.admin.TechShopBackEndApplication     : Started TechShopBackEndApplication in 1.321 seconds (JVM running for 170.671)
2022-04-02 17:16:37.882  INFO 8948 --- [restartedMain] c.t.admin.TechShopBackEndApplication     : Starting TechShopBackEndApplication using Java 16.0.2 on Admin with PID 8948 (E:\STSProject\TechShop\TechShopWebParent\TechShopBackEnd\target\classes started by Admin in E:\STSProject\TechShop\TechShopWebParent\TechShopBackEnd)
2022-04-02 17:16:37.883 DEBUG 8948 --- [restartedMain] c.t.admin.TechShopBackEndApplication     : Running with Spring Boot v2.6.3, Spring v5.3.15
2022-04-02 17:16:37.883  INFO 8948 --- [restartedMain] c.t.admin.TechShopBackEndApplication     : No active profile set, falling back to default profiles: default
2022-04-02 17:16:38.673  WARN 8948 --- [restartedMain] JpaBaseConfiguration$JpaWebConfiguration : spring.jpa.open-in-view is enabled by default. Therefore, database queries may be performed during view rendering. Explicitly configure spring.jpa.open-in-view to disable this warning
2022-04-02 17:16:39.248  INFO 8948 --- [restartedMain] c.t.admin.TechShopBackEndApplication     : Started TechShopBackEndApplication in 1.407 seconds (JVM running for 513.068)
2022-04-02 17:17:22.977  INFO 8948 --- [restartedMain] c.t.admin.TechShopBackEndApplication     : Starting TechShopBackEndApplication using Java 16.0.2 on Admin with PID 8948 (E:\STSProject\TechShop\TechShopWebParent\TechShopBackEnd\target\classes started by Admin in E:\STSProject\TechShop\TechShopWebParent\TechShopBackEnd)
2022-04-02 17:17:22.978 DEBUG 8948 --- [restartedMain] c.t.admin.TechShopBackEndApplication     : Running with Spring Boot v2.6.3, Spring v5.3.15
2022-04-02 17:17:22.978  INFO 8948 --- [restartedMain] c.t.admin.TechShopBackEndApplication     : No active profile set, falling back to default profiles: default
2022-04-02 17:17:23.483  WARN 8948 --- [restartedMain] JpaBaseConfiguration$JpaWebConfiguration : spring.jpa.open-in-view is enabled by default. Therefore, database queries may be performed during view rendering. Explicitly configure spring.jpa.open-in-view to disable this warning
2022-04-02 17:17:24.049  INFO 8948 --- [restartedMain] c.t.admin.TechShopBackEndApplication     : Started TechShopBackEndApplication in 1.098 seconds (JVM running for 557.869)
2022-04-02 18:28:47.806  INFO 8948 --- [restartedMain] c.t.admin.TechShopBackEndApplication     : Starting TechShopBackEndApplication using Java 16.0.2 on Admin with PID 8948 (E:\STSProject\TechShop\TechShopWebParent\TechShopBackEnd\target\classes started by Admin in E:\STSProject\TechShop\TechShopWebParent\TechShopBackEnd)
2022-04-02 18:28:47.806 DEBUG 8948 --- [restartedMain] c.t.admin.TechShopBackEndApplication     : Running with Spring Boot v2.6.3, Spring v5.3.15
2022-04-02 18:28:47.806  INFO 8948 --- [restartedMain] c.t.admin.TechShopBackEndApplication     : No active profile set, falling back to default profiles: default
2022-04-02 18:28:48.704  WARN 8948 --- [restartedMain] JpaBaseConfiguration$JpaWebConfiguration : spring.jpa.open-in-view is enabled by default. Therefore, database queries may be performed during view rendering. Explicitly configure spring.jpa.open-in-view to disable this warning
2022-04-02 18:28:49.389  INFO 8948 --- [restartedMain] c.t.admin.TechShopBackEndApplication     : Started TechShopBackEndApplication in 1.615 seconds (JVM running for 4843.209)
2022-04-02 18:55:19.582  INFO 8948 --- [restartedMain] c.t.admin.TechShopBackEndApplication     : Starting TechShopBackEndApplication using Java 16.0.2 on Admin with PID 8948 (E:\STSProject\TechShop\TechShopWebParent\TechShopBackEnd\target\classes started by Admin in E:\STSProject\TechShop\TechShopWebParent\TechShopBackEnd)
2022-04-02 18:55:19.582 DEBUG 8948 --- [restartedMain] c.t.admin.TechShopBackEndApplication     : Running with Spring Boot v2.6.3, Spring v5.3.15
2022-04-02 18:55:19.582  INFO 8948 --- [restartedMain] c.t.admin.TechShopBackEndApplication     : No active profile set, falling back to default profiles: default
2022-04-02 18:55:20.321  WARN 8948 --- [restartedMain] JpaBaseConfiguration$JpaWebConfiguration : spring.jpa.open-in-view is enabled by default. Therefore, database queries may be performed during view rendering. Explicitly configure spring.jpa.open-in-view to disable this warning
2022-04-02 18:55:21.270  INFO 8948 --- [restartedMain] c.t.admin.TechShopBackEndApplication     : Started TechShopBackEndApplication in 1.715 seconds (JVM running for 6435.089)
2022-04-02 23:19:32.670  INFO 8948 --- [restartedMain] c.t.admin.TechShopBackEndApplication     : Starting TechShopBackEndApplication using Java 16.0.2 on Admin with PID 8948 (E:\STSProject\TechShop\TechShopWebParent\TechShopBackEnd\target\classes started by Admin in E:\STSProject\TechShop\TechShopWebParent\TechShopBackEnd)
2022-04-02 23:19:32.671 DEBUG 8948 --- [restartedMain] c.t.admin.TechShopBackEndApplication     : Running with Spring Boot v2.6.3, Spring v5.3.15
2022-04-02 23:19:32.671  INFO 8948 --- [restartedMain] c.t.admin.TechShopBackEndApplication     : No active profile set, falling back to default profiles: default
2022-04-02 23:19:33.909  WARN 8948 --- [restartedMain] JpaBaseConfiguration$JpaWebConfiguration : spring.jpa.open-in-view is enabled by default. Therefore, database queries may be performed during view rendering. Explicitly configure spring.jpa.open-in-view to disable this warning
2022-04-02 23:19:34.772  INFO 8948 --- [restartedMain] c.t.admin.TechShopBackEndApplication     : Started TechShopBackEndApplication in 2.173 seconds (JVM running for 22288.592)
